<?xml version="1.0" encoding="UTF-8"?>
<!-- Generated by org.testng.reporters.JUnitReportReporter -->
<testsuite skipped="0" hostname="RK" name="ramakrishna.End2EndProject_Realtime.HomePage" tests="2" failures="0" timestamp="2022-03-23T13:30:32 IST" time="37.225" errors="0">
  <testcase name="basePageNavigation" time="17.222" classname="ramakrishna.End2EndProject_Realtime.HomePage"/>
  <system-out/>
  <testcase name="basePageNavigation" time="20.003" classname="ramakrishna.End2EndProject_Realtime.HomePage"/>
  <system-out/>
</testsuite> <!-- ramakrishna.End2EndProject_Realtime.HomePage -->
