<?xml version="1.0" encoding="UTF-8"?>
<!-- Generated by org.testng.reporters.JUnitReportReporter -->
<testsuite skipped="0" hostname="RK" name="ramakrishna.End2EndProject_Realtime.AppTest" tests="1" failures="0" timestamp="2022-03-23T13:08:25 IST" time="0.006" errors="0">
  <testcase name="test" time="0.006" classname="ramakrishna.End2EndProject_Realtime.AppTest"/>
  <system-out/>
</testsuite> <!-- ramakrishna.End2EndProject_Realtime.AppTest -->
