<?xml version="1.0" encoding="UTF-8"?>
<!-- Generated by org.testng.reporters.JUnitReportReporter -->
<testsuite skipped="0" hostname="RK" name="ramakrishna.End2EndProject_Realtime.ValidateNavigationBar" tests="1" failures="0" timestamp="2022-03-23T13:08:25 IST" time="0.051" errors="0">
  <testcase name="basePageNavigation" time="0.051" classname="ramakrishna.End2EndProject_Realtime.ValidateNavigationBar"/>
  <system-out/>
</testsuite> <!-- ramakrishna.End2EndProject_Realtime.ValidateNavigationBar -->
