<?xml version="1.0" encoding="UTF-8"?>
<!-- Generated by org.testng.reporters.JUnitReportReporter -->
<testsuite hostname="RK" failures="0" tests="1" name="ramakrishna.End2EndProject_Realtime.ValidateTitle" time="0.167" errors="0" timestamp="2022-04-11T11:28:36 IST" skipped="0">
  <testcase classname="ramakrishna.End2EndProject_Realtime.ValidateTitle" name="basePageNavigation" time="0.167"/>
  <system-out/>
</testsuite> <!-- ramakrishna.End2EndProject_Realtime.ValidateTitle -->
