<?xml version="1.0" encoding="UTF-8"?>
<!-- Generated by org.testng.reporters.JUnitReportReporter -->
<testsuite hostname="RK" failures="0" tests="2" name="ramakrishna.End2EndProject_Realtime.HomePage" time="44.485" errors="0" timestamp="2022-04-11T11:28:36 IST" skipped="0">
  <testcase classname="ramakrishna.End2EndProject_Realtime.HomePage" name="basePageNavigation" time="18.643"/>
  <system-out/>
  <testcase classname="ramakrishna.End2EndProject_Realtime.HomePage" name="basePageNavigation" time="25.842"/>
  <system-out/>
</testsuite> <!-- ramakrishna.End2EndProject_Realtime.HomePage -->
